The system is: Windows - 10.0.19042 - AMD64
Compiling the C compiler identification source file "CMakeCCompilerId.c" succeeded.
Compiler: C:/develop/Microsoft Visual Studio 12.0/VC/bin/cl.exe 
Build flags: 
Id flags:  

The output was:
0
用于 x86 的 Microsoft (R) C/C++ 优化编译器 18.00.40629 版版权所有(C) Microsoft Corporation。  保留所有权利。

CMakeCCompilerId.c
Microsoft (R) Incremental Linker Version 12.00.40629.0
Copyright (C) Microsoft Corporation.  All rights reserved.

/out:CMakeCCompilerId.exe 
CMakeCCompilerId.obj 


Compilation of the C compiler identification source "CMakeCCompilerId.c" produced "CMakeCCompilerId.exe"

Compilation of the C compiler identification source "CMakeCCompilerId.c" produced "CMakeCCompilerId.obj"

The C compiler identification is MSVC, found in "D:/Repository/github/MinMonk/PublicRepo/clion-workspace/demo/cmake-build-debug/CMakeFiles/3.17.5/CompilerIdC/CMakeCCompilerId.exe"

Determining if the C compiler works passed with the following output:
Change Dir: D:/Repository/github/MinMonk/PublicRepo/clion-workspace/demo/cmake-build-debug/CMakeFiles/CMakeTmp

Run Build Command(s):nmake /nologo cmTC_a9d14\fast && 	"C:\develop\Microsoft Visual Studio 12.0\VC\BIN\nmake.exe"  -f CMakeFiles\cmTC_a9d14.dir\build.make /nologo -L                  CMakeFiles\cmTC_a9d14.dir\build
Building C object CMakeFiles/cmTC_a9d14.dir/testCCompiler.c.obj
	C:\develop\MICROS~1.0\VC\bin\cl.exe @C:\Users\admin\AppData\Local\Temp\nmE100.tmp
testCCompiler.c
Linking C executable cmTC_a9d14.exe
	"C:\develop\JetBrains\CLion 2020.3.4\bin\cmake\win\bin\cmake.exe" -E vs_link_exe --intdir=CMakeFiles\cmTC_a9d14.dir --rc=C:\PROGRA~2\WI3CF2~1\8.1\bin\x86\rc.exe --mt=C:\PROGRA~2\WI3CF2~1\8.1\bin\x86\mt.exe --manifests  -- C:\develop\MICROS~1.0\VC\bin\link.exe /nologo @CMakeFiles\cmTC_a9d14.dir\objects1.rsp @C:\Users\admin\AppData\Local\Temp\nmE305.tmp



Detecting C compiler ABI info compiled with the following output:
Change Dir: D:/Repository/github/MinMonk/PublicRepo/clion-workspace/demo/cmake-build-debug/CMakeFiles/CMakeTmp

Run Build Command(s):nmake /nologo cmTC_0d775\fast && 	"C:\develop\Microsoft Visual Studio 12.0\VC\BIN\nmake.exe"  -f CMakeFiles\cmTC_0d775.dir\build.make /nologo -L                  CMakeFiles\cmTC_0d775.dir\build
Building C object CMakeFiles/cmTC_0d775.dir/CMakeCCompilerABI.c.obj
	C:\develop\MICROS~1.0\VC\bin\cl.exe @C:\Users\admin\AppData\Local\Temp\nmE778.tmp
CMakeCCompilerABI.c
Linking C executable cmTC_0d775.exe
	"C:\develop\JetBrains\CLion 2020.3.4\bin\cmake\win\bin\cmake.exe" -E vs_link_exe --intdir=CMakeFiles\cmTC_0d775.dir --rc=C:\PROGRA~2\WI3CF2~1\8.1\bin\x86\rc.exe --mt=C:\PROGRA~2\WI3CF2~1\8.1\bin\x86\mt.exe --manifests  -- C:\develop\MICROS~1.0\VC\bin\link.exe /nologo @CMakeFiles\cmTC_0d775.dir\objects1.rsp @C:\Users\admin\AppData\Local\Temp\nmE7F6.tmp



